<?xml version="1.0" encoding="UTF-8"?>
<!-- Generated by org.testng.reporters.JUnitReportReporter -->
<testsuite skipped="0" hostname="LAPTOP-KFNOH638" name="com.selenium.runner.MyTestngRunner" tests="5" failures="0" timestamp="2020-08-16T13:26:57 BST" time="87.450" errors="0">
  <testcase name="runScenario" time="19.790" classname="com.selenium.runner.MyTestngRunner"/>
  <testcase name="runScenario" time="17.425" classname="com.selenium.runner.MyTestngRunner"/>
  <testcase name="runScenario" time="13.825" classname="com.selenium.runner.MyTestngRunner"/>
  <testcase name="runScenario" time="20.470" classname="com.selenium.runner.MyTestngRunner"/>
  <testcase name="runScenario" time="15.940" classname="com.selenium.runner.MyTestngRunner"/>
</testsuite> <!-- com.selenium.runner.MyTestngRunner -->
