<?xml version="1.0" encoding="UTF-8"?>
<!-- Generated by org.testng.reporters.JUnitReportReporter -->
<testsuite skipped="0" hostname="LAPTOP-KFNOH638" name="com.selenium.runner.MyTestngRunner" tests="5" failures="0" timestamp="2020-08-16T13:40:33 BST" time="88.367" errors="0">
  <testcase name="runScenario" time="20.232" classname="com.selenium.runner.MyTestngRunner"/>
  <testcase name="runScenario" time="16.671" classname="com.selenium.runner.MyTestngRunner"/>
  <testcase name="runScenario" time="13.732" classname="com.selenium.runner.MyTestngRunner"/>
  <testcase name="runScenario" time="20.446" classname="com.selenium.runner.MyTestngRunner"/>
  <testcase name="runScenario" time="17.286" classname="com.selenium.runner.MyTestngRunner"/>
</testsuite> <!-- com.selenium.runner.MyTestngRunner -->
